# JRE version: OpenJDK Runtime Environment (17.0.7) (build 17.0.7+0-17.0.7b1000.6-10550314)
# Java VM: OpenJDK 64-Bit Server VM (17.0.7+0-17.0.7b1000.6-10550314, mixed mode, tiered, compressed oops, compressed class ptrs, g1 gc, linux-amd64)
GC Precious Log:
 CPUs: 8 total, 8 available
 Memory: 7811M
 Large Page Support: Disabled
 NUMA Support: Disabled
 Compressed Oops: Enabled (32-bit)
 Heap Region Size: 1M
 Heap Min Capacity: 8M
 Heap Initial Capacity: 124M
 Heap Max Capacity: 2G
 Pre-touch: Disabled
 Parallel Workers: 8
 Concurrent Workers: 2
 Concurrent Refinement Workers: 8
 Periodic GC: Disabled
Heap:
 garbage-first heap   total 522240K, used 320567K [0x0000000080000000, 0x0000000100000000)
  region size 1024K, 50 young (51200K), 6 survivors (6144K)
 Metaspace       used 216298K, committed 217856K, reserved 1245184K
  class space    used 28204K, committed 28992K, reserved 1048576K
GC Heap History (20 events):
Event: 438,345 GC heap before
{Heap before GC invocations=64 (full 0):
 garbage-first heap   total 486400K, used 279975K [0x0000000080000000, 0x0000000100000000)
  region size 1024K, 19 young (19456K), 2 survivors (2048K)
 Metaspace       used 210037K, committed 211328K, reserved 1245184K
  class space    used 27452K, committed 28096K, reserved 1048576K
}
Event: 438,349 GC heap after
{Heap after GC invocations=65 (full 0):
 garbage-first heap   total 486400K, used 265122K [0x0000000080000000, 0x0000000100000000)
  region size 1024K, 2 young (2048K), 2 survivors (2048K)
 Metaspace       used 210037K, committed 211328K, reserved 1245184K
  class space    used 27452K, committed 28096K, reserved 1048576K
}
Event: 620,911 GC heap before
{Heap before GC invocations=66 (full 0):
 garbage-first heap   total 496640K, used 481186K [0x0000000080000000, 0x0000000100000000)
  region size 1024K, 142 young (145408K), 2 survivors (2048K)
 Metaspace       used 212405K, committed 213760K, reserved 1245184K
  class space    used 27719K, committed 28416K, reserved 1048576K
}
Event: 620,923 GC heap after
{Heap after GC invocations=67 (full 0):
 garbage-first heap   total 496640K, used 286355K [0x0000000080000000, 0x0000000100000000)
  region size 1024K, 11 young (11264K), 11 survivors (11264K)
 Metaspace       used 212405K, committed 213760K, reserved 1245184K
  class space    used 27719K, committed 28416K, reserved 1048576K
}
Event: 631,887 GC heap before
{Heap before GC invocations=67 (full 0):
 garbage-first heap   total 496640K, used 321171K [0x0000000080000000, 0x0000000100000000)
  region size 1024K, 24 young (24576K), 11 survivors (11264K)
 Metaspace       used 212422K, committed 213760K, reserved 1245184K
  class space    used 27719K, committed 28416K, reserved 1048576K
}
Event: 631,906 GC heap after
{Heap after GC invocations=68 (full 0):
 garbage-first heap   total 496640K, used 262318K [0x0000000080000000, 0x0000000100000000)
  region size 1024K, 2 young (2048K), 2 survivors (2048K)
 Metaspace       used 212422K, committed 213760K, reserved 1245184K
  class space    used 27719K, committed 28416K, reserved 1048576K
}
Event: 636,538 GC heap before
{Heap before GC invocations=68 (full 0):
 garbage-first heap   total 496640K, used 401582K [0x0000000080000000, 0x0000000100000000)
  region size 1024K, 140 young (143360K), 2 survivors (2048K)
 Metaspace       used 213176K, committed 214592K, reserved 1245184K
  class space    used 27815K, committed 28544K, reserved 1048576K
}
Event: 636,545 GC heap after
{Heap after GC invocations=69 (full 0):
 garbage-first heap   total 496640K, used 270805K [0x0000000080000000, 0x0000000100000000)
  region size 1024K, 10 young (10240K), 10 survivors (10240K)
 Metaspace       used 213176K, committed 214592K, reserved 1245184K
  class space    used 27815K, committed 28544K, reserved 1048576K
}
Event: 649,046 GC heap before
{Heap before GC invocations=70 (full 0):
 garbage-first heap   total 522240K, used 421333K [0x0000000080000000, 0x0000000100000000)
  region size 1024K, 154 young (157696K), 10 survivors (10240K)
 Metaspace       used 213855K, committed 215360K, reserved 1245184K
  class space    used 27888K, committed 28608K, reserved 1048576K
}
Event: 649,060 GC heap after
{Heap after GC invocations=71 (full 0):
 garbage-first heap   total 522240K, used 284814K [0x0000000080000000, 0x0000000100000000)
  region size 1024K, 20 young (20480K), 20 survivors (20480K)
 Metaspace       used 213855K, committed 215360K, reserved 1245184K
  class space    used 27888K, committed 28608K, reserved 1048576K
}
Event: 649,113 GC heap before
{Heap before GC invocations=71 (full 0):
 garbage-first heap   total 522240K, used 289934K [0x0000000080000000, 0x0000000100000000)
  region size 1024K, 25 young (25600K), 20 survivors (20480K)
 Metaspace       used 214063K, committed 215552K, reserved 1245184K
  class space    used 27916K, committed 28672K, reserved 1048576K
}
Event: 649,123 GC heap after
{Heap after GC invocations=72 (full 0):
 garbage-first heap   total 522240K, used 268199K [0x0000000080000000, 0x0000000100000000)
  region size 1024K, 3 young (3072K), 3 survivors (3072K)
 Metaspace       used 214063K, committed 215552K, reserved 1245184K
  class space    used 27916K, committed 28672K, reserved 1048576K
}
Event: 649,388 GC heap before
{Heap before GC invocations=72 (full 0):
 garbage-first heap   total 522240K, used 289703K [0x0000000080000000, 0x0000000100000000)
  region size 1024K, 25 young (25600K), 3 survivors (3072K)
 Metaspace       used 214979K, committed 216448K, reserved 1245184K
  class space    used 28075K, committed 28800K, reserved 1048576K
}
Event: 649,391 GC heap after
{Heap after GC invocations=73 (full 0):
 garbage-first heap   total 522240K, used 267343K [0x0000000080000000, 0x0000000100000000)
  region size 1024K, 2 young (2048K), 2 survivors (2048K)
 Metaspace       used 214979K, committed 216448K, reserved 1245184K
  class space    used 28075K, committed 28800K, reserved 1048576K
}
Event: 6911,630 GC heap before
{Heap before GC invocations=74 (full 0):
 garbage-first heap   total 522240K, used 454735K [0x0000000080000000, 0x0000000100000000)
  region size 1024K, 155 young (158720K), 2 survivors (2048K)
 Metaspace       used 215144K, committed 216640K, reserved 1245184K
  class space    used 28075K, committed 28800K, reserved 1048576K
}
Event: 6911,640 GC heap after
{Heap after GC invocations=75 (full 0):
 garbage-first heap   total 522240K, used 266703K [0x0000000080000000, 0x0000000100000000)
  region size 1024K, 2 young (2048K), 2 survivors (2048K)
 Metaspace       used 215144K, committed 216640K, reserved 1245184K
  class space    used 28075K, committed 28800K, reserved 1048576K
}
Event: 7726,006 GC heap before
{Heap before GC invocations=75 (full 0):
 garbage-first heap   total 522240K, used 290255K [0x0000000080000000, 0x0000000100000000)
  region size 1024K, 25 young (25600K), 2 survivors (2048K)
 Metaspace       used 215154K, committed 216640K, reserved 1245184K
  class space    used 28075K, committed 28800K, reserved 1048576K
}
Event: 7726,125 GC heap after
{Heap after GC invocations=76 (full 0):
 garbage-first heap   total 522240K, used 262622K [0x0000000080000000, 0x0000000100000000)
  region size 1024K, 2 young (2048K), 2 survivors (2048K)
 Metaspace       used 215154K, committed 216640K, reserved 1245184K
  class space    used 28075K, committed 28800K, reserved 1048576K
}
Event: 7727,371 GC heap before
{Heap before GC invocations=76 (full 0):
 garbage-first heap   total 522240K, used 299486K [0x0000000080000000, 0x0000000100000000)
  region size 1024K, 39 young (39936K), 2 survivors (2048K)
 Metaspace       used 216040K, committed 217536K, reserved 1245184K
  class space    used 28186K, committed 28928K, reserved 1048576K
}
Event: 7727,378 GC heap after
{Heap after GC invocations=77 (full 0):
 garbage-first heap   total 522240K, used 266295K [0x0000000080000000, 0x0000000100000000)
  region size 1024K, 6 young (6144K), 6 survivors (6144K)
 Metaspace       used 216040K, committed 217536K, reserved 1245184K
  class space    used 28186K, committed 28928K, reserved 1048576K
}

